\BOOKMARK [1][-]{section.1}{Probability\040Measures}{}% 1
\BOOKMARK [2][-]{subsection.1.1}{"σ-fields}{section.1}% 2
\BOOKMARK [2][-]{subsection.1.2}{Probability\040Measure}{section.1}% 3
\BOOKMARK [2][-]{subsection.1.3}{Construction\040of\040Probability\040Measures}{section.1}% 4
\BOOKMARK [1][-]{section.2}{Sequence\040of\040Events}{}% 5
\BOOKMARK [2][-]{subsection.2.1}{Conditional\040Probability}{section.2}% 6
\BOOKMARK [2][-]{subsection.2.2}{Limit\040of\040Events}{section.2}% 7
\BOOKMARK [2][-]{subsection.2.3}{Independence}{section.2}% 8
\BOOKMARK [1][-]{section.3}{Random\040Variables}{}% 9
\BOOKMARK [2][-]{subsection.3.1}{Random\040Variables}{section.3}% 10
\BOOKMARK [2][-]{subsection.3.2}{Examples\040of\040Distributions}{section.3}% 11
\BOOKMARK [1][-]{section.4}{Lebesgue\040Integration}{}% 12
\BOOKMARK [2][-]{subsection.4.1}{Simple\040Functions}{section.4}% 13
\BOOKMARK [2][-]{subsection.4.2}{Integration\040of\040Bounded\040Functions\040on\040a\040Finite\040Measure\040Support}{section.4}% 14
\BOOKMARK [2][-]{subsection.4.3}{Integration\040of\040Nonnegative\040Measurable\040Function}{section.4}% 15
\BOOKMARK [2][-]{subsection.4.4}{Integrable\040Functions}{section.4}% 16
\BOOKMARK [2][-]{subsection.4.5}{Limit\040Theorems\040of\040Integration}{section.4}% 17
\BOOKMARK [1][-]{section.5}{Order\040Statistics}{}% 18
\BOOKMARK [2][-]{subsection.5.1}{Expectation}{section.5}% 19
\BOOKMARK [2][-]{subsection.5.2}{Moments\040and\040Variation}{section.5}% 20
\BOOKMARK [1][-]{section.6}{Probability\040Inequalities}{}% 21
\BOOKMARK [2][-]{subsection.6.1}{Chebyshev's\040Inequality}{section.6}% 22
\BOOKMARK [1][-]{section.7}{Several\040Random\040Variables}{}% 23
\BOOKMARK [2][-]{subsection.7.1}{Independence}{section.7}% 24
\BOOKMARK [2][-]{subsection.7.2}{Joint\040Distribution\040Function}{section.7}% 25
\BOOKMARK [2][-]{subsection.7.3}{Covariance\040and\040Correlation}{section.7}% 26
\BOOKMARK [1][-]{section.8}{Convergence\040of\040Sequence\040of\040Random\040Variables}{}% 27
\BOOKMARK [2][-]{subsection.8.1}{Characteristic\040Function}{section.8}% 28
\BOOKMARK [2][-]{subsection.8.2}{Convergence}{section.8}% 29
\BOOKMARK [1][-]{section.9}{Limit\040Theorems}{}% 30
\BOOKMARK [2][-]{subsection.9.1}{Weak\040Law\040of\040Large\040Numbers}{section.9}% 31
\BOOKMARK [2][-]{subsection.9.2}{Strong\040Law\040of\040Large\040Numbers}{section.9}% 32
\BOOKMARK [2][-]{subsection.9.3}{Central\040Limit\040Theorem}{section.9}% 33
\BOOKMARK [1][-]{section.10}{Conditional\040Expectation}{}% 34
\BOOKMARK [2][-]{subsection.10.1}{Conditional\040Expectation}{section.10}% 35
\BOOKMARK [2][-]{subsection.10.2}{Conditional\040Expectation\040as\040a\040Projection}{section.10}% 36
